[INFO] Scanning for projects...
[INFO] Downloading from ossrh-snapshots: http://oss.sonatype.org/content/repositories/snapshots/org/codehaus/mojo/natives/maven-native-api/1.0-alpha-12-SNAPSHOT/maven-metadata.xml
[INFO] Downloading from ossrh-snapshots: http://oss.sonatype.org/content/repositories/snapshots/org/codehaus/mojo/natives/maven-native-bcc/1.0-alpha-12-SNAPSHOT/maven-metadata.xml
[INFO] Downloading from ossrh-snapshots: http://oss.sonatype.org/content/repositories/snapshots/org/codehaus/mojo/natives/maven-native-components/1.0-alpha-12-SNAPSHOT/maven-metadata.xml
[INFO] Downloading from ossrh-snapshots: http://oss.sonatype.org/content/repositories/snapshots/org/codehaus/mojo/natives/maven-native-generic-c/1.0-alpha-12-SNAPSHOT/maven-metadata.xml
[INFO] Downloading from ossrh-snapshots: http://oss.sonatype.org/content/repositories/snapshots/org/codehaus/mojo/natives/maven-native-javah/1.0-alpha-12-SNAPSHOT/maven-metadata.xml
[INFO] Downloading from ossrh-snapshots: http://oss.sonatype.org/content/repositories/snapshots/org/codehaus/mojo/natives/maven-native-manager/1.0-alpha-12-SNAPSHOT/maven-metadata.xml
[INFO] Downloading from ossrh-snapshots: http://oss.sonatype.org/content/repositories/snapshots/org/codehaus/mojo/natives/maven-native-mingw/1.0-alpha-12-SNAPSHOT/maven-metadata.xml
[INFO] Downloading from ossrh-snapshots: http://oss.sonatype.org/content/repositories/snapshots/org/codehaus/mojo/natives/maven-native-msvc/1.0-alpha-12-SNAPSHOT/maven-metadata.xml
[WARNING] 
[WARNING] Some problems were encountered while building the effective model for org.javacc.tests.cpp.test:imports:exe:8.0.0
[WARNING] 'build.plugins.plugin.version' for org.codehaus.mojo:exec-maven-plugin is missing. @ org.javacc.tests.cpp.test:imports:[unknown-version], C:\Users\fandre\Documents\git\javacc\javacc-8.0\tests\cpp\test\imports\pom.xml, line 91, column 12
[WARNING] 
[WARNING] It is highly recommended to fix these problems because they threaten the stability of your build.
[WARNING] 
[WARNING] For this reason, future Maven versions might no longer support building such malformed projects.
[WARNING] 
[INFO] ------------------------------------------------------------------------
[INFO] Reactor Build Order:
[INFO] 
[INFO] eg2                                                                [jar]
[INFO] eg3                                                                [jar]
[INFO] eg4                                                                [jar]
[INFO] JavaCC tests Java MailProcessing                                   [jar]
[INFO] exceptions                                                         [jar]
[INFO] lookahead                                                          [jar]
[INFO] Transformer                                                        [jar]
[INFO] VTransformer                                                       [jar]
[INFO] JavaCC default c# code generator tests                             [pom]
[INFO] JavaCC tests C++                                                   [pom]
[INFO] JavaCC tests C++ test                                              [pom]
[INFO] JavaCC tests C++ test exceptions                                   [pom]
[INFO] JavaCC tests C++ test imports                                      [exe]
[INFO] JavaCC tests C++ test javacodeLA                                   [pom]
[INFO] JavaCC tests C++ test javaFileGeneration                           [pom]
[INFO] JavaCC tests C++ test javaFiles                                    [pom]
[INFO] JavaCC tests C++ test lineNumbers                                  [pom]
[INFO] JavaCC tests C++ test lom                                          [pom]
[INFO] JavaCC tests C++ test newToken                                     [pom]
[INFO] JavaCC tests C++ test TestTokenManagerUsesParser                   [pom]
[INFO] JavaCC tests C++ test TestTokenManagerUsesParser2                  [pom]
[INFO] 
[INFO] --------------< org.javacc.tests.java.jjtreeexamples:eg2 >--------------
[INFO] Building eg2 8.0.0                                                [1/21]
[INFO] --------------------------------[ jar ]---------------------------------
[INFO] 
[INFO] --- maven-clean-plugin:2.5:clean (default-clean) @ eg2 ---
[INFO] Deleting C:\Users\fandre\Documents\git\javacc\javacc-8.0\tests\java\JJTreeExamples\eg2\target
[INFO] 
[INFO] --- javacc-maven-plugin:3.0.0-SNAPSHOT:jjtree-javacc (jcc) @ eg2 ---
[WARNING] File encoding for grammars has not been configured, using platform default encoding, i.e. build is platform dependent!
Java Compiler Compiler Version 8.0.0 (Tree Builder)
(type "jjtree" with no arguments for help)
Warning: VISITOR_RETURN_TYPE option will be ignored since VISITOR is false
Reading from file C:\Users\fandre\Documents\git\javacc\javacc-8.0\tests\java\JJTreeExamples\eg2\src\main\jjtree\eg2.jjt . . .
File "JJTEg2State.java" does not exist.  Will create one.
File "Node.java" does not exist.  Will create one.
File "SimpleNode.java" does not exist.  Will create one.
File "Eg2Tree.java" does not exist.  Will create one.
File "Eg2TreeConstants.java" does not exist.  Will create one.
Annotated grammar generated successfully in C:\Users\fandre\Documents\git\javacc\javacc-8.0\tests\java\JJTreeExamples\eg2\target\javacc-1578903801799\node\eg2.jj
Java Compiler Compiler Version 8.0.0 (Parser Generator)
(type "javacc" with no arguments for help)
Reading from file C:\Users\fandre\Documents\git\javacc\javacc-8.0\tests\java\JJTreeExamples\eg2\target\javacc-1578903801799\node\eg2.jj . . .
File "Eg2.java" does not exist.  Will create one.
File "Eg2TokenManager.java" does not exist.  Will create one.
Parser generated successfully.
[INFO] Processed 1 grammar
[INFO] 
[INFO] --- maven-resources-plugin:2.6:resources (default-resources) @ eg2 ---
[WARNING] Using platform encoding (Cp1252 actually) to copy filtered resources, i.e. build is platform dependent!
[INFO] Copying 0 resource
[INFO] 
[INFO] --- maven-compiler-plugin:3.1:compile (default-compile) @ eg2 ---
[INFO] Changes detected - recompiling the module!
[WARNING] File encoding has not been set, using platform encoding Cp1252, i.e. build is platform dependent!
[INFO] Compiling 13 source files to C:\Users\fandre\Documents\git\javacc\javacc-8.0\tests\java\JJTreeExamples\eg2\target\classes
[INFO] -------------------------------------------------------------
[ERROR] COMPILATION ERROR : 
[INFO] -------------------------------------------------------------
[ERROR] /C:/Users/fandre/Documents/git/javacc/javacc-8.0/tests/java/JJTreeExamples/eg2/target/generated-sources/jjtree/Eg2Tree.java:[4,1] class ASTStart is public, should be declared in a file named ASTStart.java
[ERROR] /C:/Users/fandre/Documents/git/javacc/javacc-8.0/tests/java/JJTreeExamples/eg2/target/generated-sources/jjtree/Eg2Tree.java:[15,1] class ASTMult is public, should be declared in a file named ASTMult.java
[ERROR] /C:/Users/fandre/Documents/git/javacc/javacc-8.0/tests/java/JJTreeExamples/eg2/target/generated-sources/jjtree/Eg2Tree.java:[26,1] class ASTInteger is public, should be declared in a file named ASTInteger.java
[ERROR] /C:/Users/fandre/Documents/git/javacc/javacc-8.0/tests/java/JJTreeExamples/eg2/target/generated-sources/jjtree/Eg2Tree.java:[37,1] class ASTAdd is public, should be declared in a file named ASTAdd.java
[INFO] 4 errors 
[INFO] -------------------------------------------------------------
[INFO] 
[INFO] --------------< org.javacc.tests.java.jjtreeexamples:eg3 >--------------
[INFO] Building eg3 8.0.0                                                [2/21]
[INFO] --------------------------------[ jar ]---------------------------------
[INFO] 
[INFO] --- maven-clean-plugin:2.5:clean (default-clean) @ eg3 ---
[INFO] Deleting C:\Users\fandre\Documents\git\javacc\javacc-8.0\tests\java\JJTreeExamples\eg3\target
[INFO] 
[INFO] --- javacc-maven-plugin:3.0.0-SNAPSHOT:jjtree-javacc (jcc) @ eg3 ---
[WARNING] File encoding for grammars has not been configured, using platform default encoding, i.e. build is platform dependent!
Java Compiler Compiler Version 8.0.0 (Tree Builder)
(type "jjtree" with no arguments for help)
Reading from file C:\Users\fandre\Documents\git\javacc\javacc-8.0\tests\java\JJTreeExamples\eg3\src\main\jjtree\eg3.jjt . . .
File "JJTEg3State.java" does not exist.  Will create one.
File "Node.java" does not exist.  Will create one.
File "SimpleNode.java" does not exist.  Will create one.
File "Eg3Tree.java" does not exist.  Will create one.
File "Eg3TreeConstants.java" does not exist.  Will create one.
Annotated grammar generated successfully in C:\Users\fandre\Documents\git\javacc\javacc-8.0\tests\java\JJTreeExamples\eg3\target\javacc-1578903803707\node\eg3.jj
Java Compiler Compiler Version 8.0.0 (Parser Generator)
(type "javacc" with no arguments for help)
Reading from file C:\Users\fandre\Documents\git\javacc\javacc-8.0\tests\java\JJTreeExamples\eg3\target\javacc-1578903803707\node\eg3.jj . . .
File "Eg3.java" does not exist.  Will create one.
[INFO] 
[INFO] --------------< org.javacc.tests.java.jjtreeexamples:eg4 >--------------
[INFO] Building eg4 8.0.0                                                [3/21]
[INFO] --------------------------------[ jar ]---------------------------------
[INFO] 
[INFO] --- maven-clean-plugin:2.5:clean (default-clean) @ eg4 ---
[INFO] Deleting C:\Users\fandre\Documents\git\javacc\javacc-8.0\tests\java\JJTreeExamples\eg4\target
[INFO] 
[INFO] --- javacc-maven-plugin:3.0.0-SNAPSHOT:jjtree-javacc (jcc) @ eg4 ---
[WARNING] File encoding for grammars has not been configured, using platform default encoding, i.e. build is platform dependent!
Java Compiler Compiler Version 8.0.0 (Tree Builder)
(type "jjtree" with no arguments for help)
Reading from file C:\Users\fandre\Documents\git\javacc\javacc-8.0\tests\java\JJTreeExamples\eg4\src\main\jjtree\eg4.jjt . . .
File "JJTEg4State.java" does not exist.  Will create one.
File "Node.java" does not exist.  Will create one.
File "SimpleNode.java" does not exist.  Will create one.
File "Eg4Tree.java" does not exist.  Will create one.
File "Eg4TreeConstants.java" does not exist.  Will create one.
File "Eg4Visitor.java" does not exist.  Will create one.
File "Eg4DefaultVisitor.java" does not exist.  Will create one.
Annotated grammar generated successfully in C:\Users\fandre\Documents\git\javacc\javacc-8.0\tests\java\JJTreeExamples\eg4\target\javacc-1578903803788\node\eg4.jj
Java Compiler Compiler Version 8.0.0 (Parser Generator)
(type "javacc" with no arguments for help)
Reading from file C:\Users\fandre\Documents\git\javacc\javacc-8.0\tests\java\JJTreeExamples\eg4\target\javacc-1578903803788\node\eg4.jj . . .
File "Eg4.java" does not exist.  Will create one.
[INFO] 
[INFO] ----------------< org.javacc.tests.java:MailProcessing >----------------
[INFO] Building JavaCC tests Java MailProcessing 8.0.0                   [4/21]
[INFO] --------------------------------[ jar ]---------------------------------
[INFO] 
[INFO] --- maven-clean-plugin:2.5:clean (default-clean) @ MailProcessing ---
[INFO] Deleting C:\Users\fandre\Documents\git\javacc\javacc-8.0\tests\java\MailProcessing\target
[INFO] 
[INFO] --- javacc-maven-plugin:3.0.0-SNAPSHOT:javacc (jcc) @ MailProcessing ---
[WARNING] File encoding for grammars has not been configured, using platform default encoding, i.e. build is platform dependent!
Java Compiler Compiler Version 8.0.0 (Parser Generator)
(type "javacc" with no arguments for help)
Reading from file C:\Users\fandre\Documents\git\javacc\javacc-8.0\tests\java\MailProcessing\src\main\javacc\Digest.jj . . .
File "Digest.java" does not exist.  Will create one.
[INFO] 
[INFO] ------------------< org.javacc.tests.java:exceptions >------------------
[INFO] Building exceptions 8.0.0                                         [5/21]
[INFO] --------------------------------[ jar ]---------------------------------
[INFO] 
[INFO] --- maven-clean-plugin:2.5:clean (default-clean) @ exceptions ---
[INFO] Deleting C:\Users\fandre\Documents\git\javacc\javacc-8.0\tests\java\exceptions\target
[INFO] 
[INFO] --- javacc-maven-plugin:3.0.0-SNAPSHOT:javacc (exceptions) @ exceptions ---
[WARNING] File encoding for grammars has not been configured, using platform default encoding, i.e. build is platform dependent!
Java Compiler Compiler Version 8.0.0 (Parser Generator)
(type "javacc" with no arguments for help)
Reading from file C:\Users\fandre\Documents\git\javacc\javacc-8.0\tests\java\exceptions\src\main\javacc\Parser.jj . . .
File "Parser.java" does not exist.  Will create one.
File "ParserTokenManager.java" does not exist.  Will create one.
Parser generated successfully.
[INFO] Processed 1 grammar
[INFO] 
[INFO] --- maven-resources-plugin:2.6:resources (default-resources) @ exceptions ---
[WARNING] Using platform encoding (Cp1252 actually) to copy filtered resources, i.e. build is platform dependent!
[INFO] skip non existing resourceDirectory C:\Users\fandre\Documents\git\javacc\javacc-8.0\tests\java\exceptions\src\main\resources
[INFO] 
[INFO] --- maven-compiler-plugin:3.1:compile (default-compile) @ exceptions ---
[INFO] Changes detected - recompiling the module!
[WARNING] File encoding has not been set, using platform encoding Cp1252, i.e. build is platform dependent!
[INFO] Compiling 7 source files to C:\Users\fandre\Documents\git\javacc\javacc-8.0\tests\java\exceptions\target\classes
[INFO] -------------------------------------------------------------
[ERROR] COMPILATION ERROR : 
[INFO] -------------------------------------------------------------
[ERROR] /C:/Users/fandre/Documents/git/javacc/javacc-8.0/tests/java/exceptions/target/generated-sources/javacc/ParserTokenManager.java:[13,1] cannot find symbol
  symbol:   class Map
  location: class ParserTokenManager
[ERROR] /C:/Users/fandre/Documents/git/javacc/javacc-8.0/tests/java/exceptions/target/generated-sources/javacc/ParserTokenManager.java:[13,15] cannot find symbol
  symbol:   class HashMap
  location: class ParserTokenManager
[INFO] 2 errors 
[INFO] -------------------------------------------------------------
[INFO] 
[INFO] ------------------< org.javacc.tests.java:lookahead >-------------------
[INFO] Building lookahead 8.0.0                                          [6/21]
[INFO] --------------------------------[ jar ]---------------------------------
[INFO] 
[INFO] --- maven-clean-plugin:2.5:clean (default-clean) @ lookahead ---
[INFO] Deleting C:\Users\fandre\Documents\git\javacc\javacc-8.0\tests\java\Lookahead\target
[INFO] 
[INFO] --- javacc-maven-plugin:3.0.0-SNAPSHOT:javacc (example1) @ lookahead ---
[WARNING] File encoding for grammars has not been configured, using platform default encoding, i.e. build is platform dependent!
Java Compiler Compiler Version 8.0.0 (Parser Generator)
(type "javacc" with no arguments for help)
Reading from file C:\Users\fandre\Documents\git\javacc\javacc-8.0\tests\java\Lookahead\src\main\javacc\Example1.jj . . .
Warning: Choice conflict in [...] construct at line 60, column 7.
         Expansion nested within construct and expansion following construct
         have common prefixes, one of which is: "c"
         Consider using a lookahead of 2 or more for nested expansion.
File "Example.java" does not exist.  Will create one.
File "ExampleTokenManager.java" does not exist.  Will create one.
Parser generated with 0 errors and 1 warnings.
[INFO] Processed 1 grammar
[INFO] 
[INFO] --- javacc-maven-plugin:3.0.0-SNAPSHOT:javacc (example2) @ lookahead ---
[WARNING] File encoding for grammars has not been configured, using platform default encoding, i.e. build is platform dependent!
Java Compiler Compiler Version 8.0.0 (Parser Generator)
(type "javacc" with no arguments for help)
Reading from file C:\Users\fandre\Documents\git\javacc\javacc-8.0\tests\java\Lookahead\src\main\javacc\Example2.jj . . .
File "Example.java" does not exist.  Will create one.
Warning: Token: new will not be matched as specified. It will be matched as token of kind: 5 instead.
Warning: Token: TBD will not be matched as specified. It will be matched as token of kind: 5 instead.
[INFO] 
[INFO] -----------------< org.javacc.tests.java:Transformer >------------------
[INFO] Building Transformer 8.0.0                                        [7/21]
[INFO] --------------------------------[ jar ]---------------------------------
[INFO] 
[INFO] --- maven-clean-plugin:2.5:clean (default-clean) @ Transformer ---
[INFO] Deleting C:\Users\fandre\Documents\git\javacc\javacc-8.0\tests\java\Transformer\target
[INFO] 
[INFO] --- javacc-maven-plugin:3.0.0-SNAPSHOT:jjtree-javacc (jcc) @ Transformer ---
[WARNING] File encoding for grammars has not been configured, using platform default encoding, i.e. build is platform dependent!
Java Compiler Compiler Version 8.0.0 (Tree Builder)
(type "jjtree" with no arguments for help)
Reading from file C:\Users\fandre\Documents\git\javacc\javacc-8.0\tests\java\Transformer\src\main\jjtree\ToyJava.jjt . . .
File "JJTToyParserState.java" does not exist.  Will create one.
File "Node.java" does not exist.  Will create one.
File "SimpleNode.java" does not exist.  Will create one.
File "ToyParserTree.java" does not exist.  Will create one.
File "ToyParserTreeConstants.java" does not exist.  Will create one.
Annotated grammar generated successfully in C:\Users\fandre\Documents\git\javacc\javacc-8.0\tests\java\Transformer\target\javacc-1578903804329\node\ToyJava.jj
Java Compiler Compiler Version 8.0.0 (Parser Generator)
(type "javacc" with no arguments for help)
Reading from file C:\Users\fandre\Documents\git\javacc\javacc-8.0\tests\java\Transformer\target\javacc-1578903804329\node\ToyJava.jj . . .
File "ToyParser.java" does not exist.  Will create one.
[INFO] 
[INFO] -----------------< org.javacc.tests.java:VTransformer >-----------------
[INFO] Building VTransformer 8.0.0                                       [8/21]
[INFO] --------------------------------[ jar ]---------------------------------
[INFO] 
[INFO] --- maven-clean-plugin:2.5:clean (default-clean) @ VTransformer ---
[INFO] Deleting C:\Users\fandre\Documents\git\javacc\javacc-8.0\tests\java\VTransformer\target
[INFO] 
[INFO] --- javacc-maven-plugin:3.0.0-SNAPSHOT:jjtree-javacc (jcc) @ VTransformer ---
[WARNING] File encoding for grammars has not been configured, using platform default encoding, i.e. build is platform dependent!
Java Compiler Compiler Version 8.0.0 (Tree Builder)
(type "jjtree" with no arguments for help)
Reading from file C:\Users\fandre\Documents\git\javacc\javacc-8.0\tests\java\VTransformer\src\main\jjtree\Java1.1.jjt . . .
File "JJTJavaParserState.java" does not exist.  Will create one.
File "Node.java" does not exist.  Will create one.
File "SimpleNode.java" does not exist.  Will create one.
File "JavaParserTree.java" does not exist.  Will create one.
File "JavaParserTreeConstants.java" does not exist.  Will create one.
File "JavaParserVisitor.java" does not exist.  Will create one.
File "JavaParserDefaultVisitor.java" does not exist.  Will create one.
Annotated grammar generated successfully in C:\Users\fandre\Documents\git\javacc\javacc-8.0\tests\java\VTransformer\target\javacc-1578903804519\node\Java1.1.jj
Java Compiler Compiler Version 8.0.0 (Parser Generator)
(type "javacc" with no arguments for help)
Reading from file C:\Users\fandre\Documents\git\javacc\javacc-8.0\tests\java\VTransformer\target\javacc-1578903804519\node\Java1.1.jj . . .
File "JavaParser.java" does not exist.  Will create one.
[INFO] 
[INFO] ----------------------< org.javacc.tests:csharp >-----------------------
[INFO] Building JavaCC default c# code generator tests 8.0.0             [9/21]
[INFO] --------------------------------[ pom ]---------------------------------
[INFO] 
[INFO] --- maven-clean-plugin:2.5:clean (default-clean) @ csharp ---
[INFO] 
[INFO] --- maven-install-plugin:2.4:install (default-install) @ csharp ---
[INFO] Installing C:\Users\fandre\Documents\git\javacc\javacc-8.0\tests\csharp\pom.xml to C:\Users\fandre\.m2\repository\org\javacc\tests\csharp\8.0.0\csharp-8.0.0.pom
[INFO] 
[INFO] ------------------------< org.javacc.tests:cpp >------------------------
[INFO] Building JavaCC tests C++ 8.0.0                                  [10/21]
[INFO] --------------------------------[ pom ]---------------------------------
[INFO] 
[INFO] --- maven-clean-plugin:2.5:clean (default-clean) @ cpp ---
[INFO] 
[INFO] --- maven-antrun-plugin:1.8:run (tests) @ cpp ---
[INFO] Skipping Antrun execution
[INFO] 
[INFO] --- maven-install-plugin:2.4:install (default-install) @ cpp ---
[INFO] Installing C:\Users\fandre\Documents\git\javacc\javacc-8.0\tests\cpp\pom.xml to C:\Users\fandre\.m2\repository\org\javacc\tests\cpp\8.0.0\cpp-8.0.0.pom
[INFO] 
[INFO] ---------------------< org.javacc.tests.cpp:test >----------------------
[INFO] Building JavaCC tests C++ test 8.0.0                             [11/21]
[INFO] --------------------------------[ pom ]---------------------------------
[INFO] 
[INFO] --- maven-clean-plugin:2.5:clean (default-clean) @ test ---
[INFO] 
[INFO] --- maven-install-plugin:2.4:install (default-install) @ test ---
[INFO] Installing C:\Users\fandre\Documents\git\javacc\javacc-8.0\tests\cpp\test\pom.xml to C:\Users\fandre\.m2\repository\org\javacc\tests\cpp\test\8.0.0\test-8.0.0.pom
[INFO] 
[INFO] ----------------< org.javacc.tests.cpp.test:exceptions >----------------
[INFO] Building JavaCC tests C++ test exceptions 8.0.0                  [12/21]
[INFO] --------------------------------[ pom ]---------------------------------
[INFO] 
[INFO] --- maven-clean-plugin:2.5:clean (default-clean) @ exceptions ---
[INFO] 
[INFO] --- maven-install-plugin:2.4:install (default-install) @ exceptions ---
[INFO] Installing C:\Users\fandre\Documents\git\javacc\javacc-8.0\tests\cpp\test\exceptions\pom.xml to C:\Users\fandre\.m2\repository\org\javacc\tests\cpp\test\exceptions\8.0.0\exceptions-8.0.0.pom
[INFO] 
[INFO] -----------------< org.javacc.tests.cpp.test:imports >------------------
[INFO] Building JavaCC tests C++ test imports 8.0.0                     [13/21]
[INFO] --------------------------------[ exe ]---------------------------------
[INFO] 
[INFO] --- maven-clean-plugin:2.5:clean (default-clean) @ imports ---
[INFO] Deleting C:\Users\fandre\Documents\git\javacc\javacc-8.0\tests\cpp\test\imports\target
[INFO] 
[INFO] --- native-maven-plugin:1.0-alpha-12-SNAPSHOT:initialize (default-initialize) @ imports ---
[INFO] 
[INFO] --- native-maven-plugin:1.0-alpha-12-SNAPSHOT:unzipinc (default-unzipinc) @ imports ---
[INFO] 
[INFO] --- javacc-maven-plugin:3.0.0-SNAPSHOT:javacc (jcc) @ imports ---
[WARNING] File encoding for grammars has not been configured, using platform default encoding, i.e. build is platform dependent!
Java Compiler Compiler Version 8.0.0 (Parser Generator)
(type "javacc" with no arguments for help)
Reading from file C:\Users\fandre\Documents\git\javacc\javacc-8.0\tests\cpp\test\imports\src\main\javacc\Parser.jj . . .
File "Parser.h" does not exist.  Will create one.
File "Parser.cc" does not exist.  Will create one.
File "ParserTokenManager.h" does not exist.  Will create one.
File "ParserTokenManager.cc" does not exist.  Will create one.
File "Token.h" does not exist.  Will create one.
File "Token.cc" does not exist.  Will create one.
File "CharStream.h" does not exist.  Will create one.
File "CharStream.cc" does not exist.  Will create one.
File "TokenMgrError.h" does not exist.  Will create one.
File "TokenMgrError.cc" does not exist.  Will create one.
File "ParseException.h" does not exist.  Will create one.
File "ParseException.cc" does not exist.  Will create one.
File "TokenManager.h" does not exist.  Will create one.
File "JavaCC.h" does not exist.  Will create one.
File "ErrorHandler.h" does not exist.  Will create one.
Parser generated successfully.
[INFO] Processed 1 grammar
[INFO] 
[INFO] --- native-maven-plugin:1.0-alpha-12-SNAPSHOT:resource-compile (default-resource-compile) @ imports ---
[INFO] 
[INFO] --- native-maven-plugin:1.0-alpha-12-SNAPSHOT:compile (default-compile) @ imports ---
**********************************************************************
** Visual Studio 2017 Developer Command Prompt v15.9.5
** Copyright (c) 2017 Microsoft Corporation
**********************************************************************
[vcvarsall.bat] Environment initialized for: 'x86'
[INFO] cmd.exe /X /C "cl.exe /EHsc -IC:\Users\fandre\Documents\git\javacc\javacc-8.0\tests\cpp\test\imports\target\generated-sources\cpp -IC:\Users\fandre\Documents\git\javacc\javacc-8.0\tests\cpp\test\imports\target\generated-sources\jjtree -IC:\Users\fandre\Documents\git\javacc\javacc-8.0\tests\cpp\test\imports\target\generated-sources\cpp /FoC:\Users\fandre\Documents\git\javacc\javacc-8.0\tests\cpp\test\imports\target\objs\CharStream.obj -c C:\Users\fandre\Documents\git\javacc\javacc-8.0\tests\cpp\test\imports\target\generated-sources\cpp\CharStream.cc"
Compilateur d'optimisation Microsoft (R) C/C++ versionÿ19.16.27026.1 pour x86
Copyright (C) Microsoft Corporation. Tous droits r‚serv‚s.

CharStream.cc
[INFO] cmd.exe /X /C "cl.exe /EHsc -IC:\Users\fandre\Documents\git\javacc\javacc-8.0\tests\cpp\test\imports\target\generated-sources\cpp -IC:\Users\fandre\Documents\git\javacc\javacc-8.0\tests\cpp\test\imports\target\generated-sources\jjtree -IC:\Users\fandre\Documents\git\javacc\javacc-8.0\tests\cpp\test\imports\target\generated-sources\cpp /FoC:\Users\fandre\Documents\git\javacc\javacc-8.0\tests\cpp\test\imports\target\objs\ParseException.obj -c C:\Users\fandre\Documents\git\javacc\javacc-8.0\tests\cpp\test\imports\target\generated-sources\cpp\ParseException.cc"
Compilateur d'optimisation Microsoft (R) C/C++ versionÿ19.16.27026.1 pour x86
Copyright (C) Microsoft Corporation. Tous droits r‚serv‚s.

ParseException.cc
[INFO] cmd.exe /X /C "cl.exe /EHsc -IC:\Users\fandre\Documents\git\javacc\javacc-8.0\tests\cpp\test\imports\target\generated-sources\cpp -IC:\Users\fandre\Documents\git\javacc\javacc-8.0\tests\cpp\test\imports\target\generated-sources\jjtree -IC:\Users\fandre\Documents\git\javacc\javacc-8.0\tests\cpp\test\imports\target\generated-sources\cpp /FoC:\Users\fandre\Documents\git\javacc\javacc-8.0\tests\cpp\test\imports\target\objs\Parser.obj -c C:\Users\fandre\Documents\git\javacc\javacc-8.0\tests\cpp\test\imports\target\generated-sources\cpp\Parser.cc"
Compilateur d'optimisation Microsoft (R) C/C++ versionÿ19.16.27026.1 pour x86
Copyright (C) Microsoft Corporation. Tous droits r‚serv‚s.

Parser.cc
c:\users\fandre\documents\git\javacc\javacc-8.0\tests\cpp\test\imports\target\generated-sources\cpp\Parser.h(21): error C3646: 'CompilationUnit'ÿ: sp‚cificateur de substitution inconnu
c:\users\fandre\documents\git\javacc\javacc-8.0\tests\cpp\test\imports\target\generated-sources\cpp\Parser.h(21): error C2059: erreur de syntaxeÿ: '('
c:\users\fandre\documents\git\javacc\javacc-8.0\tests\cpp\test\imports\target\generated-sources\cpp\Parser.h(21): error C2238: jetons inattendus avant ';'
c:\users\fandre\documents\git\javacc\javacc-8.0\tests\cpp\test\imports\target\generated-sources\cpp\Parser.h(85): error C3646: 'java'ÿ: sp‚cificateur de substitution inconnu
c:\users\fandre\documents\git\javacc\javacc-8.0\tests\cpp\test\imports\target\generated-sources\cpp\Parser.h(85): error C2143: erreur de syntaxeÿ: absence de ';' avant '.'
c:\users\fandre\documents\git\javacc\javacc-8.0\tests\cpp\test\imports\target\generated-sources\cpp\Parser.h(85): error C4430: sp‚cificateur de type manquant - int est pris en compte par d‚faut. Remarqueÿ: C++ ne prend pas en charge int par d‚faut
c:\users\fandre\documents\git\javacc\javacc-8.0\tests\cpp\test\imports\target\generated-sources\cpp\Parser.h(85): error C2238: jetons inattendus avant ';'
c:\users\fandre\documents\git\javacc\javacc-8.0\tests\cpp\test\imports\target\generated-sources\cpp\Parser.h(86): error C3646: 'java'ÿ: sp‚cificateur de substitution inconnu
c:\users\fandre\documents\git\javacc\javacc-8.0\tests\cpp\test\imports\target\generated-sources\cpp\Parser.h(86): error C2143: erreur de syntaxeÿ: absence de ';' avant '.'
c:\users\fandre\documents\git\javacc\javacc-8.0\tests\cpp\test\imports\target\generated-sources\cpp\Parser.h(86): error C4430: sp‚cificateur de type manquant - int est pris en compte par d‚faut. Remarqueÿ: C++ ne prend pas en charge int par d‚faut
c:\users\fandre\documents\git\javacc\javacc-8.0\tests\cpp\test\imports\target\generated-sources\cpp\Parser.h(86): error C2238: jetons inattendus avant ';'
c:\users\fandre\documents\git\javacc\javacc-8.0\tests\cpp\test\imports\target\generated-sources\cpp\Parser.h(88): error C3769: 'Parser'ÿ: une classe imbriqu‚e ne peut pas avoir le mˆme nom que la classe imm‚diatement englobante
c:\users\fandre\documents\git\javacc\javacc-8.0\tests\cpp\test\imports\target\generated-sources\cpp\Parser.h(88): error C3381: 'Parser::Parser'ÿ: les sp‚cificateurs d'accŠs … l'assembly ne sont disponibles que dans le code compil‚ … l'aide de l'option /clr
c:\users\fandre\documents\git\javacc\javacc-8.0\tests\cpp\test\imports\target\generated-sources\cpp\Parser.h(90): error C2062: type 'void' inattendu
c:\users\fandre\documents\git\javacc\javacc-8.0\tests\cpp\test\imports\target\generated-sources\cpp\Parser.h(90): error C2334: jetons inattendus avant '{'ÿ; corps apparent de la fonction ignor‚
c:\users\fandre\documents\git\javacc\javacc-8.0\tests\cpp\test\imports\target\generated-sources\cpp\Parser.h(97): error C2059: erreur de syntaxeÿ: 'private'
c:\users\fandre\documents\git\javacc\javacc-8.0\tests\cpp\test\imports\target\generated-sources\cpp\Parser.h(98): error C2062: type 'bool' inattendu
c:\users\fandre\documents\git\javacc\javacc-8.0\tests\cpp\test\imports\target\generated-sources\cpp\Parser.h(98): error C2238: jetons inattendus avant ';'
C:\Users\fandre\Documents\git\javacc\javacc-8.0\tests\cpp\test\imports\target\generated-sources\cpp\Parser.cc(9): error C2039: 'CompilationUnit'ÿ: n'est pas membre de 'Parser'
c:\users\fandre\documents\git\javacc\javacc-8.0\tests\cpp\test\imports\target\generated-sources\cpp\Parser.h(19): note: voir la d‚claration de 'Parser'
C:\Users\fandre\Documents\git\javacc\javacc-8.0\tests\cpp\test\imports\target\generated-sources\cpp\Parser.cc(9): error C4430: sp‚cificateur de type manquant - int est pris en compte par d‚faut. Remarqueÿ: C++ ne prend pas en charge int par d‚faut
C:\Users\fandre\Documents\git\javacc\javacc-8.0\tests\cpp\test\imports\target\generated-sources\cpp\Parser.cc(9): error C2146: erreur de syntaxeÿ: absence de ';' avant l'identificateur 'CompilationUnit'
C:\Users\fandre\Documents\git\javacc\javacc-8.0\tests\cpp\test\imports\target\generated-sources\cpp\Parser.cc(9): error C2143: erreur de syntaxeÿ: absence de ';' avant '{'
C:\Users\fandre\Documents\git\javacc\javacc-8.0\tests\cpp\test\imports\target\generated-sources\cpp\Parser.cc(9): error C2447: '{'ÿ: en-tˆte de fonction manquant (liste formelle … l'ancien formatÿ?)
C:\Users\fandre\Documents\git\javacc\javacc-8.0\tests\cpp\test\imports\target\generated-sources\cpp\Parser.cc(46): error C2065: 'jj_done'ÿ: identificateur non d‚clar‚
[INFO] 
[INFO] ----------------< org.javacc.tests.cpp.test:javacodeLA >----------------
[INFO] Building JavaCC tests C++ test javacodeLA 8.0.0                  [14/21]
[INFO] --------------------------------[ pom ]---------------------------------
[INFO] 
[INFO] --- maven-clean-plugin:2.5:clean (default-clean) @ javacodeLA ---
[INFO] 
[INFO] --- maven-install-plugin:2.4:install (default-install) @ javacodeLA ---
[INFO] Installing C:\Users\fandre\Documents\git\javacc\javacc-8.0\tests\cpp\test\javacodeLA\pom.xml to C:\Users\fandre\.m2\repository\org\javacc\tests\cpp\test\javacodeLA\8.0.0\javacodeLA-8.0.0.pom
[INFO] 
[INFO] ------------< org.javacc.tests.cpp.test:javaFileGeneration >------------
[INFO] Building JavaCC tests C++ test javaFileGeneration 8.0.0          [15/21]
[INFO] --------------------------------[ pom ]---------------------------------
[INFO] 
[INFO] --- maven-clean-plugin:2.5:clean (default-clean) @ javaFileGeneration ---
[INFO] 
[INFO] --- maven-install-plugin:2.4:install (default-install) @ javaFileGeneration ---
[INFO] Installing C:\Users\fandre\Documents\git\javacc\javacc-8.0\tests\cpp\test\javaFileGeneration\pom.xml to C:\Users\fandre\.m2\repository\org\javacc\tests\cpp\test\javaFileGeneration\8.0.0\javaFileGeneration-8.0.0.pom
[INFO] 
[INFO] ----------------< org.javacc.tests.cpp.test:javaFiles >-----------------
[INFO] Building JavaCC tests C++ test javaFiles 8.0.0                   [16/21]
[INFO] --------------------------------[ pom ]---------------------------------
[INFO] 
[INFO] --- maven-clean-plugin:2.5:clean (default-clean) @ javaFiles ---
[INFO] 
[INFO] --- maven-install-plugin:2.4:install (default-install) @ javaFiles ---
[INFO] Installing C:\Users\fandre\Documents\git\javacc\javacc-8.0\tests\cpp\test\javaFiles\pom.xml to C:\Users\fandre\.m2\repository\org\javacc\tests\cpp\test\javaFiles\8.0.0\javaFiles-8.0.0.pom
[INFO] 
[INFO] ---------------< org.javacc.tests.cpp.test:lineNumbers >----------------
[INFO] Building JavaCC tests C++ test lineNumbers 8.0.0                 [17/21]
[INFO] --------------------------------[ pom ]---------------------------------
[INFO] 
[INFO] --- maven-clean-plugin:2.5:clean (default-clean) @ lineNumbers ---
[INFO] 
[INFO] --- maven-install-plugin:2.4:install (default-install) @ lineNumbers ---
[INFO] Installing C:\Users\fandre\Documents\git\javacc\javacc-8.0\tests\cpp\test\lineNumbers\pom.xml to C:\Users\fandre\.m2\repository\org\javacc\tests\cpp\test\lineNumbers\8.0.0\lineNumbers-8.0.0.pom
[INFO] 
[INFO] -------------------< org.javacc.tests.cpp.test:lom >--------------------
[INFO] Building JavaCC tests C++ test lom 8.0.0                         [18/21]
[INFO] --------------------------------[ pom ]---------------------------------
[INFO] 
[INFO] --- maven-clean-plugin:2.5:clean (default-clean) @ lom ---
[INFO] 
[INFO] --- maven-install-plugin:2.4:install (default-install) @ lom ---
[INFO] Installing C:\Users\fandre\Documents\git\javacc\javacc-8.0\tests\cpp\test\lom\pom.xml to C:\Users\fandre\.m2\repository\org\javacc\tests\cpp\test\lom\8.0.0\lom-8.0.0.pom
[INFO] 
[INFO] -----------------< org.javacc.tests.cpp.test:newToken >-----------------
[INFO] Building JavaCC tests C++ test newToken 8.0.0                    [19/21]
[INFO] --------------------------------[ pom ]---------------------------------
[INFO] 
[INFO] --- maven-clean-plugin:2.5:clean (default-clean) @ newToken ---
[INFO] 
[INFO] --- maven-install-plugin:2.4:install (default-install) @ newToken ---
[INFO] Installing C:\Users\fandre\Documents\git\javacc\javacc-8.0\tests\cpp\test\newToken\pom.xml to C:\Users\fandre\.m2\repository\org\javacc\tests\cpp\test\newToken\8.0.0\newToken-8.0.0.pom
[INFO] 
[INFO] --------< org.javacc.tests.cpp.test:TestTokenManagerUsesParser >--------
[INFO] Building JavaCC tests C++ test TestTokenManagerUsesParser 8.0.0  [20/21]
[INFO] --------------------------------[ pom ]---------------------------------
[INFO] 
[INFO] --- maven-clean-plugin:2.5:clean (default-clean) @ TestTokenManagerUsesParser ---
[INFO] 
[INFO] --- maven-install-plugin:2.4:install (default-install) @ TestTokenManagerUsesParser ---
[INFO] Installing C:\Users\fandre\Documents\git\javacc\javacc-8.0\tests\cpp\test\TestTokenManagerUsesParser\pom.xml to C:\Users\fandre\.m2\repository\org\javacc\tests\cpp\test\TestTokenManagerUsesParser\8.0.0\TestTokenManagerUsesParser-8.0.0.pom
[INFO] 
[INFO] -------< org.javacc.tests.cpp.test:TestTokenManagerUsesParser2 >--------
[INFO] Building JavaCC tests C++ test TestTokenManagerUsesParser2 8.0.0 [21/21]
[INFO] --------------------------------[ pom ]---------------------------------
[INFO] 
[INFO] --- maven-clean-plugin:2.5:clean (default-clean) @ TestTokenManagerUsesParser2 ---
[INFO] 
[INFO] --- maven-install-plugin:2.4:install (default-install) @ TestTokenManagerUsesParser2 ---
[INFO] Installing C:\Users\fandre\Documents\git\javacc\javacc-8.0\tests\cpp\test\TestTokenManagerUsesParser2\pom.xml to C:\Users\fandre\.m2\repository\org\javacc\tests\cpp\test\TestTokenManagerUsesParser2\8.0.0\TestTokenManagerUsesParser2-8.0.0.pom
[INFO] ------------------------------------------------------------------------
[INFO] Reactor Summary:
[INFO] 
[INFO] eg2 8.0.0 .......................................... FAILURE [  4.682 s]
[INFO] eg3 ................................................ FAILURE [  0.081 s]
[INFO] eg4 ................................................ FAILURE [  0.095 s]
[INFO] JavaCC tests Java MailProcessing ................... FAILURE [  0.053 s]
[INFO] exceptions ......................................... FAILURE [  0.238 s]
[INFO] lookahead .......................................... FAILURE [  0.153 s]
[INFO] Transformer ........................................ FAILURE [  0.189 s]
[INFO] VTransformer ....................................... FAILURE [  0.279 s]
[INFO] JavaCC default c# code generator tests ............. SUCCESS [  0.192 s]
[INFO] JavaCC tests C++ ................................... SUCCESS [  0.306 s]
[INFO] JavaCC tests C++ test .............................. SUCCESS [  0.020 s]
[INFO] JavaCC tests C++ test exceptions ................... SUCCESS [  0.025 s]
[INFO] JavaCC tests C++ test imports ...................... FAILURE [  3.681 s]
[INFO] JavaCC tests C++ test javacodeLA ................... SUCCESS [  0.024 s]
[INFO] JavaCC tests C++ test javaFileGeneration ........... SUCCESS [  0.022 s]
[INFO] JavaCC tests C++ test javaFiles .................... SUCCESS [  0.024 s]
[INFO] JavaCC tests C++ test lineNumbers .................. SUCCESS [  0.033 s]
[INFO] JavaCC tests C++ test lom .......................... SUCCESS [  0.023 s]
[INFO] JavaCC tests C++ test newToken ..................... SUCCESS [  0.023 s]
[INFO] JavaCC tests C++ test TestTokenManagerUsesParser ... SUCCESS [  0.022 s]
[INFO] JavaCC tests C++ test TestTokenManagerUsesParser2 8.0.0 SUCCESS [  0.019 s]
[INFO] ------------------------------------------------------------------------
[INFO] BUILD FAILURE
[INFO] ------------------------------------------------------------------------
[INFO] Total time: 19.129 s
[INFO] Finished at: 2020-01-13T09:23:29+01:00
[INFO] ------------------------------------------------------------------------
[ERROR] Failed to execute goal org.apache.maven.plugins:maven-compiler-plugin:3.1:compile (default-compile) on project eg2: Compilation failure: Compilation failure: 
[ERROR] /C:/Users/fandre/Documents/git/javacc/javacc-8.0/tests/java/JJTreeExamples/eg2/target/generated-sources/jjtree/Eg2Tree.java:[4,1] class ASTStart is public, should be declared in a file named ASTStart.java
[ERROR] /C:/Users/fandre/Documents/git/javacc/javacc-8.0/tests/java/JJTreeExamples/eg2/target/generated-sources/jjtree/Eg2Tree.java:[15,1] class ASTMult is public, should be declared in a file named ASTMult.java
[ERROR] /C:/Users/fandre/Documents/git/javacc/javacc-8.0/tests/java/JJTreeExamples/eg2/target/generated-sources/jjtree/Eg2Tree.java:[26,1] class ASTInteger is public, should be declared in a file named ASTInteger.java
[ERROR] /C:/Users/fandre/Documents/git/javacc/javacc-8.0/tests/java/JJTreeExamples/eg2/target/generated-sources/jjtree/Eg2Tree.java:[37,1] class ASTAdd is public, should be declared in a file named ASTAdd.java
[ERROR] -> [Help 1]
[ERROR] Failed to execute goal org.codehaus.mojo:javacc-maven-plugin:3.0.0-SNAPSHOT:jjtree-javacc (jcc) on project eg3: Failed to execute JavaCC: 31 -> [Help 2]
[ERROR] Failed to execute goal org.codehaus.mojo:javacc-maven-plugin:3.0.0-SNAPSHOT:jjtree-javacc (jcc) on project eg4: Failed to execute JavaCC: 52 -> [Help 2]
[ERROR] Failed to execute goal org.codehaus.mojo:javacc-maven-plugin:3.0.0-SNAPSHOT:javacc (jcc) on project MailProcessing: Failed to execute JavaCC: 63 -> [Help 2]
[ERROR] Failed to execute goal org.apache.maven.plugins:maven-compiler-plugin:3.1:compile (default-compile) on project exceptions: Compilation failure: Compilation failure: 
[ERROR] /C:/Users/fandre/Documents/git/javacc/javacc-8.0/tests/java/exceptions/target/generated-sources/javacc/ParserTokenManager.java:[13,1] cannot find symbol
[ERROR]   symbol:   class Map
[ERROR]   location: class ParserTokenManager
[ERROR] /C:/Users/fandre/Documents/git/javacc/javacc-8.0/tests/java/exceptions/target/generated-sources/javacc/ParserTokenManager.java:[13,15] cannot find symbol
[ERROR]   symbol:   class HashMap
[ERROR]   location: class ParserTokenManager
[ERROR] -> [Help 1]
[ERROR] Failed to execute goal org.codehaus.mojo:javacc-maven-plugin:3.0.0-SNAPSHOT:javacc (example2) on project lookahead: Failed to execute JavaCC: 106 -> [Help 2]
[ERROR] Failed to execute goal org.codehaus.mojo:javacc-maven-plugin:3.0.0-SNAPSHOT:jjtree-javacc (jcc) on project Transformer: Failed to execute JavaCC: 156 -> [Help 2]
[ERROR] Failed to execute goal org.codehaus.mojo:javacc-maven-plugin:3.0.0-SNAPSHOT:jjtree-javacc (jcc) on project VTransformer: Failed to execute JavaCC: 177 -> [Help 2]
[ERROR] Failed to execute goal org.codehaus.mojo:native-maven-plugin:1.0-alpha-12-SNAPSHOT:compile (default-compile) on project imports: Error executing command line. Exit code:2 -> [Help 2]
[ERROR] 
[ERROR] To see the full stack trace of the errors, re-run Maven with the -e switch.
[ERROR] Re-run Maven using the -X switch to enable full debug logging.
[ERROR] 
[ERROR] For more information about the errors and possible solutions, please read the following articles:
[ERROR] [Help 1] http://cwiki.apache.org/confluence/display/MAVEN/MojoFailureException
[ERROR] [Help 2] http://cwiki.apache.org/confluence/display/MAVEN/MojoExecutionException
[INFO] Build failures were ignored.
